                                      1 ;--------------------------------------------------------
                                      2 ; File Created by SDCC : free open source ANSI-C Compiler
                                      3 ; Version 4.0.0 #11528 (Mac OS X x86_64)
                                      4 ;--------------------------------------------------------
                                      5 	.module usb_desc
                                      6 	.optsdcc -mmcs51 --model-large
                                      7 	
                                      8 ;--------------------------------------------------------
                                      9 ; Public variables in this module
                                     10 ;--------------------------------------------------------
                                     11 	.globl _configuration_descriptor
                                     12 	.globl _device_descriptor
                                     13 	.globl _device_strings
                                     14 ;--------------------------------------------------------
                                     15 ; special function registers
                                     16 ;--------------------------------------------------------
                                     17 	.area RSEG    (ABS,DATA)
      000000                         18 	.org 0x0000
                                     19 ;--------------------------------------------------------
                                     20 ; special function bits
                                     21 ;--------------------------------------------------------
                                     22 	.area RSEG    (ABS,DATA)
      000000                         23 	.org 0x0000
                                     24 ;--------------------------------------------------------
                                     25 ; overlayable register banks
                                     26 ;--------------------------------------------------------
                                     27 	.area REG_BANK_0	(REL,OVR,DATA)
      000000                         28 	.ds 8
                                     29 ;--------------------------------------------------------
                                     30 ; internal ram data
                                     31 ;--------------------------------------------------------
                                     32 	.area DSEG    (DATA)
                                     33 ;--------------------------------------------------------
                                     34 ; overlayable items in internal ram 
                                     35 ;--------------------------------------------------------
                                     36 ;--------------------------------------------------------
                                     37 ; indirectly addressable internal ram data
                                     38 ;--------------------------------------------------------
                                     39 	.area ISEG    (DATA)
                                     40 ;--------------------------------------------------------
                                     41 ; absolute internal ram data
                                     42 ;--------------------------------------------------------
                                     43 	.area IABS    (ABS,DATA)
                                     44 	.area IABS    (ABS,DATA)
                                     45 ;--------------------------------------------------------
                                     46 ; bit data
                                     47 ;--------------------------------------------------------
                                     48 	.area BSEG    (BIT)
                                     49 ;--------------------------------------------------------
                                     50 ; paged external ram data
                                     51 ;--------------------------------------------------------
                                     52 	.area PSEG    (PAG,XDATA)
                                     53 ;--------------------------------------------------------
                                     54 ; external ram data
                                     55 ;--------------------------------------------------------
                                     56 	.area XSEG    (XDATA)
                                     57 ;--------------------------------------------------------
                                     58 ; absolute external ram data
                                     59 ;--------------------------------------------------------
                                     60 	.area XABS    (ABS,XDATA)
                                     61 ;--------------------------------------------------------
                                     62 ; external initialized ram data
                                     63 ;--------------------------------------------------------
                                     64 	.area XISEG   (XDATA)
      000000                         65 _device_strings::
      000000                         66 	.ds 6
                                     67 	.area HOME    (CODE)
                                     68 	.area GSINIT0 (CODE)
                                     69 	.area GSINIT1 (CODE)
                                     70 	.area GSINIT2 (CODE)
                                     71 	.area GSINIT3 (CODE)
                                     72 	.area GSINIT4 (CODE)
                                     73 	.area GSINIT5 (CODE)
                                     74 	.area GSINIT  (CODE)
                                     75 	.area GSFINAL (CODE)
                                     76 	.area CSEG    (CODE)
                                     77 ;--------------------------------------------------------
                                     78 ; global & static initialisations
                                     79 ;--------------------------------------------------------
                                     80 	.area HOME    (CODE)
                                     81 	.area GSINIT  (CODE)
                                     82 	.area GSFINAL (CODE)
                                     83 	.area GSINIT  (CODE)
                                     84 ;--------------------------------------------------------
                                     85 ; Home
                                     86 ;--------------------------------------------------------
                                     87 	.area HOME    (CODE)
                                     88 	.area HOME    (CODE)
                                     89 ;--------------------------------------------------------
                                     90 ; code
                                     91 ;--------------------------------------------------------
                                     92 	.area CSEG    (CODE)
                                     93 	.area CSEG    (CODE)
                                     94 	.area CONST   (CODE)
      000000                         95 _device_descriptor:
      000000 12                      96 	.db #0x12	; 18
      000001 01                      97 	.db #0x01	; 1
      000002 00 02                   98 	.byte #0x00, #0x02	; 512
      000004 FF                      99 	.db #0xff	; 255
      000005 FF                     100 	.db #0xff	; 255
      000006 FF                     101 	.db #0xff	; 255
      000007 40                     102 	.db #0x40	; 64
      000008 15 19                  103 	.byte #0x15, #0x19	; 6421
      00000A 02 01                  104 	.byte #0x02, #0x01	; 258
      00000C 01 00                  105 	.byte #0x01, #0x00	; 1
      00000E 01                     106 	.db #0x01	; 1
      00000F 02                     107 	.db #0x02	; 2
      000010 00                     108 	.db #0x00	; 0
      000011 01                     109 	.db #0x01	; 1
      000012                        110 _configuration_descriptor:
      000012 09                     111 	.db #0x09	; 9
      000013 02                     112 	.db #0x02	; 2
      000014 20 00                  113 	.byte #0x20, #0x00	; 32
      000016 01                     114 	.db #0x01	; 1
      000017 01                     115 	.db #0x01	; 1
      000018 00                     116 	.db #0x00	; 0
      000019 80                     117 	.db #0x80	; 128
      00001A 64                     118 	.db #0x64	; 100	'd'
      00001B 09                     119 	.db #0x09	; 9
      00001C 04                     120 	.db #0x04	; 4
      00001D 00                     121 	.db #0x00	; 0
      00001E 00                     122 	.db #0x00	; 0
      00001F 02                     123 	.db #0x02	; 2
      000020 FF                     124 	.db #0xff	; 255
      000021 FF                     125 	.db #0xff	; 255
      000022 FF                     126 	.db #0xff	; 255
      000023 00                     127 	.db #0x00	; 0
      000024 07                     128 	.db #0x07	; 7
      000025 05                     129 	.db #0x05	; 5
      000026 81                     130 	.db #0x81	; 129
      000027 02                     131 	.db #0x02	; 2
      000028 40 00                  132 	.byte #0x40, #0x00	; 64
      00002A 00                     133 	.db #0x00	; 0
      00002B 07                     134 	.db #0x07	; 7
      00002C 05                     135 	.db #0x05	; 5
      00002D 01                     136 	.db #0x01	; 1
      00002E 02                     137 	.db #0x02	; 2
      00002F 40 00                  138 	.byte #0x40, #0x00	; 64
      000031 00                     139 	.db #0x00	; 0
                                    140 	.area CONST   (CODE)
      000032                        141 ___str_0:
      000032 04                     142 	.db 0x04
      000033 09                     143 	.db 0x09
      000034 00                     144 	.db 0x00
                                    145 	.area CSEG    (CODE)
                                    146 	.area CONST   (CODE)
      000035                        147 ___str_1:
      000035 52 46 53 74 6F 72 6D   148 	.ascii "RFStorm"
      00003C 00                     149 	.db 0x00
                                    150 	.area CSEG    (CODE)
                                    151 	.area CONST   (CODE)
      00003D                        152 ___str_2:
      00003D 52 65 73 65 61 72 63   153 	.ascii "Research Firmware"
             68 20 46 69 72 6D 77
             61 72 65
      00004E 00                     154 	.db 0x00
                                    155 	.area CSEG    (CODE)
                                    156 	.area XINIT   (CODE)
      000000                        157 __xinit__device_strings:
      000000r32s00                  158 	.byte ___str_0, (___str_0 >> 8)
      000002r35s00                  159 	.byte ___str_1, (___str_1 >> 8)
      000004r3Ds00                  160 	.byte ___str_2, (___str_2 >> 8)
                                    161 	.area CABS    (ABS,CODE)
